<?xml version="1.0" encoding="UTF-8"?>
<testng-results ignored="0" total="1" passed="1" failed="0" skipped="0">
  <reporter-output>
  </reporter-output>
  <suite started-at="2023-06-18T11:54:29 IST" name="Default suite" finished-at="2023-06-18T11:54:39 IST" duration-ms="10385">
    <groups>
    </groups>
    <test started-at="2023-06-18T11:54:29 IST" name="Default test" finished-at="2023-06-18T11:54:39 IST" duration-ms="10385">
      <class name="testscripts.Testcase1">
        <test-method is-config="true" signature="openApp()[pri:0, instance:testscripts.Testcase1@932bc4a]" started-at="2023-06-18T11:54:29 IST" name="openApp" finished-at="2023-06-18T11:54:34 IST" duration-ms="5633" status="PASS">
          <reporter-output>
          </reporter-output>
        </test-method> <!-- openApp -->
        <test-method signature="tc1()[pri:0, instance:testscripts.Testcase1@932bc4a]" started-at="2023-06-18T11:54:34 IST" name="tc1" finished-at="2023-06-18T11:54:39 IST" duration-ms="4430" status="PASS">
          <reporter-output>
          </reporter-output>
        </test-method> <!-- tc1 -->
        <test-method is-config="true" signature="CloseApp()[pri:0, instance:testscripts.Testcase1@932bc4a]" started-at="2023-06-18T11:54:39 IST" name="CloseApp" finished-at="2023-06-18T11:54:39 IST" duration-ms="271" status="PASS">
          <reporter-output>
          </reporter-output>
        </test-method> <!-- CloseApp -->
      </class> <!-- testscripts.Testcase1 -->
    </test> <!-- Default test -->
  </suite> <!-- Default suite -->
</testng-results>
